2026-03-27 15:13:05,648 - INFO - Log de auditoría iniciado: Log_20260327_151305.log
2026-03-27 15:13:05,649 - INFO - !!! INICIANDO PIPELINE DE AUDITORÍA CRUDA !!!
2026-03-27 15:13:05,779 - INFO - --- PROCESANDO: MUNICIPIOS ---
2026-03-27 15:13:06,089 - INFO - [MUNICIPIOS] Extraídos 15 de 15 registros...
2026-03-27 15:13:06,090 - INFO - [MUNICIPIOS] Columnas recibidas: ['MUNICIPIO_ID', 'NOMBRE', 'DEPARTAMENTO', 'CODIGO_DANE', 'ACTIVO']
2026-03-27 15:13:06,104 - INFO - [MUNICIPIOS] Resultado → CLEAN: 15 | DIRTY: 0 | TOTAL: 15
2026-03-27 15:13:06,500 - INFO - [MUNICIPIOS] CLEAN guardado: MUNICIPIOS_CLEAN.xlsx  (15 registros)
2026-03-27 15:13:06,516 - INFO - [MUNICIPIOS] DIRTY guardado: MUNICIPIOS_DIRTY.xlsx  (0 registros)
2026-03-27 15:13:06,550 - INFO - [MUNICIPIOS] COMPARATIVO guardado: MUNICIPIOS_COMPARATIVO.xlsx
2026-03-27 15:13:06,551 - INFO - Tabla MUNICIPIOS terminada. Limpios: 15 | Sucios: 0
2026-03-27 15:13:06,551 - INFO - --- PROCESANDO: ESPECIALIDADES ---
2026-03-27 15:13:06,559 - INFO - [ESPECIALIDADES] Extraídos 15 de 15 registros...
2026-03-27 15:13:06,559 - INFO - [ESPECIALIDADES] Columnas recibidas: ['ESPECIALIDAD_ID', 'NOMBRE', 'CODIGO_RIPS', 'DESCRIPCION', 'ACTIVO']
2026-03-27 15:13:06,567 - INFO - [ESPECIALIDADES] Resultado → CLEAN: 15 | DIRTY: 0 | TOTAL: 15
2026-03-27 15:13:06,585 - INFO - [ESPECIALIDADES] CLEAN guardado: ESPECIALIDADES_CLEAN.xlsx  (15 registros)
2026-03-27 15:13:06,609 - INFO - [ESPECIALIDADES] DIRTY guardado: ESPECIALIDADES_DIRTY.xlsx  (0 registros)
2026-03-27 15:13:06,672 - INFO - [ESPECIALIDADES] COMPARATIVO guardado: ESPECIALIDADES_COMPARATIVO.xlsx
2026-03-27 15:13:06,673 - INFO - Tabla ESPECIALIDADES terminada. Limpios: 15 | Sucios: 0
2026-03-27 15:13:06,675 - INFO - --- PROCESANDO: MEDICOS ---
2026-03-27 15:13:06,689 - INFO - [MEDICOS] Extraídos 200 de 200 registros...
2026-03-27 15:13:06,691 - INFO - [MEDICOS] Columnas recibidas: ['MEDICO_ID', 'DOCUMENTO', 'TIPO_DOCUMENTO', 'NOMBRES', 'APELLIDOS', 'ESPECIALIDAD_ID', 'REGISTRO_MEDICO', 'FECHA_NACIMIENTO', 'EMAIL', 'TELEFONO', 'MUNICIPIO_ID', 'FECHA_INGRESO', 'ACTIVO', 'CREATED_AT', 'UPDATED_AT']
2026-03-27 15:13:06,703 - INFO - [MEDICOS] Criterio 'NULO_EN_EMAIL': 11 registros marcados como sucios.
2026-03-27 15:13:06,713 - INFO - [MEDICOS] Criterio 'EMAIL_INVALIDO': 26 registros marcados como sucios.
2026-03-27 15:13:06,718 - INFO - [MEDICOS] Resultado → CLEAN: 174 | DIRTY: 26 | TOTAL: 200
2026-03-27 15:13:06,885 - INFO - [MEDICOS] CLEAN guardado: MEDICOS_CLEAN.xlsx  (174 registros)
2026-03-27 15:13:06,942 - INFO - [MEDICOS] DIRTY guardado: MEDICOS_DIRTY.xlsx  (26 registros)
2026-03-27 15:13:07,003 - INFO - [MEDICOS] COMPARATIVO guardado: MEDICOS_COMPARATIVO.xlsx
2026-03-27 15:13:07,004 - INFO - Tabla MEDICOS terminada. Limpios: 174 | Sucios: 26
2026-03-27 15:13:07,004 - INFO - --- PROCESANDO: PACIENTES ---
2026-03-27 15:13:07,807 - INFO - [PACIENTES] Extraídos 50000 de 100000 registros...
2026-03-27 15:13:08,692 - INFO - [PACIENTES] Extraídos 100000 de 100000 registros...
2026-03-27 15:13:08,803 - INFO - [PACIENTES] Columnas recibidas: ['PACIENTE_ID', 'DOCUMENTO', 'TIPO_DOCUMENTO', 'NOMBRES', 'APELLIDOS', 'FECHA_NACIMIENTO', 'SEXO', 'GRUPO_SANGUINEO', 'EMAIL', 'TELEFONO', 'DIRECCION', 'MUNICIPIO_ID', 'EPS', 'REGIMEN', 'ACTIVO', 'CREATED_AT', 'UPDATED_AT']
2026-03-27 15:13:08,926 - INFO - [PACIENTES] Criterio 'NULO_EN_EMAIL': 10000 registros marcados como sucios.
2026-03-27 15:13:08,939 - INFO - [PACIENTES] Criterio 'SEXO_INVALIDO': 2140 registros marcados como sucios.
2026-03-27 15:13:09,034 - INFO - [PACIENTES] Criterio 'EMAIL_INVALIDO': 10000 registros marcados como sucios.
2026-03-27 15:13:09,164 - INFO - [PACIENTES] Resultado → CLEAN: 87860 | DIRTY: 12140 | TOTAL: 100000
2026-03-27 15:13:46,496 - INFO - [PACIENTES] CLEAN guardado: PACIENTES_CLEAN.xlsx  (87860 registros)
2026-03-27 15:13:52,083 - INFO - [PACIENTES] DIRTY guardado: PACIENTES_DIRTY.xlsx  (12140 registros)
2026-03-27 15:13:52,140 - INFO - [PACIENTES] COMPARATIVO guardado: PACIENTES_COMPARATIVO.xlsx
2026-03-27 15:13:52,141 - INFO - Tabla PACIENTES terminada. Limpios: 87860 | Sucios: 12140
2026-03-27 15:13:52,141 - INFO - --- PROCESANDO: INTERNACIONES ---
2026-03-27 15:13:52,609 - INFO - [INTERNACIONES] Extraídos 20000 de 20000 registros...
2026-03-27 15:13:52,648 - INFO - [INTERNACIONES] Columnas recibidas: ['INTERNACION_ID', 'PACIENTE_ID', 'MEDICO_ID', 'FECHA_INGRESO', 'FECHA_EGRESO', 'MOTIVO_INGRESO', 'DIAGNOSTICO_INGRESO', 'DIAGNOSTICO_EGRESO', 'HABITACION', 'TIPO_HABITACION', 'ESTADO', 'OBSERVACIONES', 'CREATED_AT']
2026-03-27 15:13:52,667 - WARNING - [INTERNACIONES] Columnas 100% nulas (excluidas de CLEAN y de validaciones): ['OBSERVACIONES']
2026-03-27 15:13:52,718 - INFO - [INTERNACIONES] Criterio 'RANGO_TEMPORAL_FECHA_INGRESO': 19123 registros marcados como sucios.
2026-03-27 15:13:52,720 - INFO - [INTERNACIONES] Rango 'FECHA_INGRESO': 2021-03-25 → 2026-03-19 | Fuera de rango: 19123
2026-03-27 15:13:52,738 - INFO - [INTERNACIONES] Resultado → CLEAN: 877 | DIRTY: 19123 | TOTAL: 20000
2026-03-27 15:13:53,171 - INFO - [INTERNACIONES] CLEAN guardado: INTERNACIONES_CLEAN.xlsx  (877 registros)
2026-03-27 15:14:05,222 - INFO - [INTERNACIONES] DIRTY guardado: INTERNACIONES_DIRTY.xlsx  (19123 registros)
2026-03-27 15:14:05,276 - INFO - [INTERNACIONES] COMPARATIVO guardado: INTERNACIONES_COMPARATIVO.xlsx
2026-03-27 15:14:05,279 - INFO - Tabla INTERNACIONES terminada. Limpios: 877 | Sucios: 19123
2026-03-27 15:14:05,281 - INFO - --- PROCESANDO: CITAS_MEDICAS ---
2026-03-27 15:14:06,356 - INFO - [CITAS_MEDICAS] Extraídos 50000 de 150000 registros...
2026-03-27 15:14:07,544 - INFO - [CITAS_MEDICAS] Extraídos 100000 de 150000 registros...
2026-03-27 15:14:08,502 - INFO - [CITAS_MEDICAS] Extraídos 150000 de 150000 registros...
2026-03-27 15:14:08,600 - INFO - [CITAS_MEDICAS] Columnas recibidas: ['CITA_ID', 'PACIENTE_ID', 'MEDICO_ID', 'ESPECIALIDAD_ID', 'FECHA_CITA', 'HORA_CITA', 'DURACION_MIN', 'ESTADO', 'TIPO_CITA', 'MOTIVO_CONSULTA', 'OBSERVACIONES', 'INTERNACION_ID', 'CREATED_AT']
2026-03-27 15:14:08,662 - WARNING - [CITAS_MEDICAS] Columnas 100% nulas (excluidas de CLEAN y de validaciones): ['OBSERVACIONES', 'INTERNACION_ID']
2026-03-27 15:14:08,786 - INFO - [CITAS_MEDICAS] Criterio 'HORA_INVALIDA': 10000 registros marcados como sucios.
2026-03-27 15:14:08,830 - INFO - [CITAS_MEDICAS] Criterio 'RANGO_TEMPORAL_FECHA_CITA': 143268 registros marcados como sucios.
2026-03-27 15:14:08,832 - INFO - [CITAS_MEDICAS] Rango 'FECHA_CITA': 2021-03-25 → 2026-03-23 | Fuera de rango: 143268
2026-03-27 15:14:08,903 - INFO - [CITAS_MEDICAS] Resultado → CLEAN: 6291 | DIRTY: 143709 | TOTAL: 150000
2026-03-27 15:14:10,737 - INFO - [CITAS_MEDICAS] CLEAN guardado: CITAS_MEDICAS_CLEAN.xlsx  (6291 registros)
2026-03-27 15:14:56,047 - INFO - [CITAS_MEDICAS] DIRTY guardado: CITAS_MEDICAS_DIRTY.xlsx  (143709 registros)
2026-03-27 15:14:56,086 - INFO - [CITAS_MEDICAS] COMPARATIVO guardado: CITAS_MEDICAS_COMPARATIVO.xlsx
2026-03-27 15:14:56,087 - INFO - Tabla CITAS_MEDICAS terminada. Limpios: 6291 | Sucios: 143709
2026-03-27 15:14:56,087 - INFO - --- PROCESANDO: EXAMENES_MEDICOS ---
2026-03-27 15:14:56,959 - INFO - [EXAMENES_MEDICOS] Extraídos 49218 de 49218 registros...
2026-03-27 15:14:56,977 - INFO - [EXAMENES_MEDICOS] Columnas recibidas: ['EXAMEN_ID', 'CITA_ID', 'PACIENTE_ID', 'MEDICO_SOLICITANTE', 'TIPO_EXAMEN', 'DESCRIPCION', 'FECHA_SOLICITUD', 'FECHA_RESULTADO', 'ESTADO', 'PRIORIDAD', 'COSTO', 'CREATED_AT']
2026-03-27 15:14:56,989 - WARNING - [EXAMENES_MEDICOS] Columnas 100% nulas (excluidas de CLEAN y de validaciones): ['DESCRIPCION']
2026-03-27 15:14:57,010 - INFO - [EXAMENES_MEDICOS] Resultado → CLEAN: 49218 | DIRTY: 0 | TOTAL: 49218
2026-03-27 15:15:10,839 - INFO - [EXAMENES_MEDICOS] CLEAN guardado: EXAMENES_MEDICOS_CLEAN.xlsx  (49218 registros)
2026-03-27 15:15:10,852 - INFO - [EXAMENES_MEDICOS] DIRTY guardado: EXAMENES_MEDICOS_DIRTY.xlsx  (0 registros)
2026-03-27 15:15:10,887 - INFO - [EXAMENES_MEDICOS] COMPARATIVO guardado: EXAMENES_MEDICOS_COMPARATIVO.xlsx
2026-03-27 15:15:10,892 - INFO - Tabla EXAMENES_MEDICOS terminada. Limpios: 49218 | Sucios: 0
2026-03-27 15:15:10,896 - INFO - --- PROCESANDO: RESULTADOS_EXAMENES ---
2026-03-27 15:15:11,513 - INFO - [RESULTADOS_EXAMENES] Extraídos 49218 de 49218 registros...
2026-03-27 15:15:11,524 - INFO - [RESULTADOS_EXAMENES] Columnas recibidas: ['RESULTADO_ID', 'EXAMEN_ID', 'DESCRIPCION', 'VALOR_RESULTADO', 'UNIDAD_MEDIDA', 'VALOR_REFERENCIA', 'INTERPRETACION', 'MEDICO_REVISOR', 'FECHA_REPORTE', 'CREATED_AT']
2026-03-27 15:15:11,541 - WARNING - [RESULTADOS_EXAMENES] Columnas 100% nulas (excluidas de CLEAN y de validaciones): ['INTERPRETACION', 'MEDICO_REVISOR']
2026-03-27 15:15:11,559 - INFO - [RESULTADOS_EXAMENES] Resultado → CLEAN: 49218 | DIRTY: 0 | TOTAL: 49218
2026-03-27 15:15:23,335 - INFO - [RESULTADOS_EXAMENES] CLEAN guardado: RESULTADOS_EXAMENES_CLEAN.xlsx  (49218 registros)
2026-03-27 15:15:23,352 - INFO - [RESULTADOS_EXAMENES] DIRTY guardado: RESULTADOS_EXAMENES_DIRTY.xlsx  (0 registros)
2026-03-27 15:15:23,385 - INFO - [RESULTADOS_EXAMENES] COMPARATIVO guardado: RESULTADOS_EXAMENES_COMPARATIVO.xlsx
2026-03-27 15:15:23,387 - INFO - Tabla RESULTADOS_EXAMENES terminada. Limpios: 49218 | Sucios: 0
2026-03-27 15:15:23,388 - INFO - --- PROCESANDO: MEDICAMENTOS_RECETADOS ---
2026-03-27 15:15:24,133 - INFO - [MEDICAMENTOS_RECETADOS] Extraídos 50000 de 57441 registros...
2026-03-27 15:15:24,388 - INFO - [MEDICAMENTOS_RECETADOS] Extraídos 57441 de 57441 registros...
2026-03-27 15:15:24,500 - INFO - [MEDICAMENTOS_RECETADOS] Columnas recibidas: ['RECETA_ID', 'CITA_ID', 'PACIENTE_ID', 'MEDICO_ID', 'NOMBRE_MEDICAMENTO', 'PRINCIPIO_ACTIVO', 'CONCENTRACION', 'FORMA_FARMACEUTICA', 'DOSIS', 'FRECUENCIA', 'DURACION_DIAS', 'CANTIDAD', 'FECHA_PRESCRIPCION', 'OBSERVACIONES', 'CREATED_AT']
2026-03-27 15:15:24,525 - WARNING - [MEDICAMENTOS_RECETADOS] Columnas 100% nulas (excluidas de CLEAN y de validaciones): ['PRINCIPIO_ACTIVO', 'OBSERVACIONES']
2026-03-27 15:15:24,580 - INFO - [MEDICAMENTOS_RECETADOS] Criterio 'RANGO_TEMPORAL_FECHA_PRESCRIPCION': 55670 registros marcados como sucios.
2026-03-27 15:15:24,581 - INFO - [MEDICAMENTOS_RECETADOS] Rango 'FECHA_PRESCRIPCION': 2021-03-25 → 2026-02-23 | Fuera de rango: 55670
2026-03-27 15:15:24,636 - INFO - [MEDICAMENTOS_RECETADOS] Resultado → CLEAN: 1771 | DIRTY: 55670 | TOTAL: 57441
2026-03-27 15:15:25,536 - INFO - [MEDICAMENTOS_RECETADOS] CLEAN guardado: MEDICAMENTOS_RECETADOS_CLEAN.xlsx  (1771 registros)
2026-03-27 15:15:45,948 - INFO - [MEDICAMENTOS_RECETADOS] DIRTY guardado: MEDICAMENTOS_RECETADOS_DIRTY.xlsx  (55670 registros)
2026-03-27 15:15:45,995 - INFO - [MEDICAMENTOS_RECETADOS] COMPARATIVO guardado: MEDICAMENTOS_RECETADOS_COMPARATIVO.xlsx
2026-03-27 15:15:45,997 - INFO - Tabla MEDICAMENTOS_RECETADOS terminada. Limpios: 1771 | Sucios: 55670
2026-03-27 15:15:45,997 - INFO - --- PROCESANDO: FACTURACION ---
2026-03-27 15:15:46,835 - INFO - [FACTURACION] Extraídos 50000 de 123085 registros...
2026-03-27 15:15:47,779 - INFO - [FACTURACION] Extraídos 100000 de 123085 registros...
2026-03-27 15:15:48,281 - INFO - [FACTURACION] Extraídos 123085 de 123085 registros...
2026-03-27 15:15:48,375 - INFO - [FACTURACION] Columnas recibidas: ['FACTURA_ID', 'PACIENTE_ID', 'CITA_ID', 'INTERNACION_ID', 'NUMERO_FACTURA', 'FECHA_FACTURA', 'SUBTOTAL', 'DESCUENTO', 'IVA', 'TOTAL', 'ESTADO', 'METODO_PAGO', 'EPS_FACTURADO', 'OBSERVACIONES', 'CREATED_AT']
2026-03-27 15:15:48,397 - WARNING - [FACTURACION] Columnas 100% nulas (excluidas de CLEAN y de validaciones): ['INTERNACION_ID', 'EPS_FACTURADO', 'OBSERVACIONES']
2026-03-27 15:15:48,447 - INFO - [FACTURACION] Resultado → CLEAN: 123085 | DIRTY: 0 | TOTAL: 123085
2026-03-27 15:16:24,496 - INFO - [FACTURACION] CLEAN guardado: FACTURACION_CLEAN.xlsx  (123085 registros)
2026-03-27 15:16:24,534 - INFO - [FACTURACION] DIRTY guardado: FACTURACION_DIRTY.xlsx  (0 registros)
2026-03-27 15:16:24,568 - INFO - [FACTURACION] COMPARATIVO guardado: FACTURACION_COMPARATIVO.xlsx
2026-03-27 15:16:24,569 - INFO - Tabla FACTURACION terminada. Limpios: 123085 | Sucios: 0
2026-03-27 15:16:24,574 - INFO - PIPELINE FINALIZADO.
