2026-03-27 14:35:16,653 - INFO - Log de auditoría iniciado: Log_20260327_143516.log
2026-03-27 14:35:16,654 - INFO - !!! INICIANDO PIPELINE DE AUDITORÍA CRUDA !!!
2026-03-27 14:35:16,832 - INFO - --- PROCESANDO: MUNICIPIOS ---
2026-03-27 14:35:16,998 - INFO - [MUNICIPIOS] Extraídos 15 de 15 registros...
2026-03-27 14:35:16,999 - INFO - [MUNICIPIOS] Columnas recibidas: ['MUNICIPIO_ID', 'NOMBRE', 'DEPARTAMENTO', 'CODIGO_DANE', 'ACTIVO']
2026-03-27 14:35:17,012 - INFO - [MUNICIPIOS] Resultado → CLEAN: 15 | DIRTY: 0 | TOTAL: 15
2026-03-27 14:35:17,256 - INFO - [MUNICIPIOS] CLEAN guardado: MUNICIPIOS_CLEAN.xlsx  (15 registros)
2026-03-27 14:35:17,267 - INFO - [MUNICIPIOS] DIRTY guardado: MUNICIPIOS_DIRTY.xlsx  (0 registros)
2026-03-27 14:35:17,277 - INFO - [MUNICIPIOS] COMPARATIVO guardado: MUNICIPIOS_COMPARATIVO.xlsx
2026-03-27 14:35:17,277 - INFO - Tabla MUNICIPIOS terminada. Limpios: 15 | Sucios: 0
2026-03-27 14:35:17,277 - INFO - --- PROCESANDO: ESPECIALIDADES ---
2026-03-27 14:35:17,281 - INFO - [ESPECIALIDADES] Extraídos 15 de 15 registros...
2026-03-27 14:35:17,281 - INFO - [ESPECIALIDADES] Columnas recibidas: ['ESPECIALIDAD_ID', 'NOMBRE', 'CODIGO_RIPS', 'DESCRIPCION', 'ACTIVO']
2026-03-27 14:35:17,286 - INFO - [ESPECIALIDADES] Resultado → CLEAN: 15 | DIRTY: 0 | TOTAL: 15
2026-03-27 14:35:17,302 - INFO - [ESPECIALIDADES] CLEAN guardado: ESPECIALIDADES_CLEAN.xlsx  (15 registros)
2026-03-27 14:35:17,314 - INFO - [ESPECIALIDADES] DIRTY guardado: ESPECIALIDADES_DIRTY.xlsx  (0 registros)
2026-03-27 14:35:17,329 - INFO - [ESPECIALIDADES] COMPARATIVO guardado: ESPECIALIDADES_COMPARATIVO.xlsx
2026-03-27 14:35:17,329 - INFO - Tabla ESPECIALIDADES terminada. Limpios: 15 | Sucios: 0
2026-03-27 14:35:17,329 - INFO - --- PROCESANDO: MEDICOS ---
2026-03-27 14:35:17,337 - INFO - [MEDICOS] Extraídos 200 de 200 registros...
2026-03-27 14:35:17,337 - INFO - [MEDICOS] Columnas recibidas: ['MEDICO_ID', 'DOCUMENTO', 'TIPO_DOCUMENTO', 'NOMBRES', 'APELLIDOS', 'ESPECIALIDAD_ID', 'REGISTRO_MEDICO', 'FECHA_NACIMIENTO', 'EMAIL', 'TELEFONO', 'MUNICIPIO_ID', 'FECHA_INGRESO', 'ACTIVO', 'CREATED_AT', 'UPDATED_AT']
2026-03-27 14:35:17,348 - INFO - [MEDICOS] Criterio 'NULO_EN_EMAIL': 11 registros marcados como sucios.
2026-03-27 14:35:17,354 - INFO - [MEDICOS] Criterio 'EMAIL_INVALIDO': 26 registros marcados como sucios.
2026-03-27 14:35:17,357 - INFO - [MEDICOS] Resultado → CLEAN: 174 | DIRTY: 26 | TOTAL: 200
2026-03-27 14:35:17,456 - INFO - [MEDICOS] CLEAN guardado: MEDICOS_CLEAN.xlsx  (174 registros)
2026-03-27 14:35:17,505 - INFO - [MEDICOS] DIRTY guardado: MEDICOS_DIRTY.xlsx  (26 registros)
2026-03-27 14:35:17,547 - INFO - [MEDICOS] COMPARATIVO guardado: MEDICOS_COMPARATIVO.xlsx
2026-03-27 14:35:17,547 - INFO - Tabla MEDICOS terminada. Limpios: 174 | Sucios: 26
2026-03-27 14:35:17,547 - INFO - --- PROCESANDO: PACIENTES ---
2026-03-27 14:35:18,114 - INFO - [PACIENTES] Extraídos 50000 de 100000 registros...
2026-03-27 14:35:18,752 - INFO - [PACIENTES] Extraídos 100000 de 100000 registros...
2026-03-27 14:35:18,926 - INFO - [PACIENTES] Columnas recibidas: ['PACIENTE_ID', 'DOCUMENTO', 'TIPO_DOCUMENTO', 'NOMBRES', 'APELLIDOS', 'FECHA_NACIMIENTO', 'SEXO', 'GRUPO_SANGUINEO', 'EMAIL', 'TELEFONO', 'DIRECCION', 'MUNICIPIO_ID', 'EPS', 'REGIMEN', 'ACTIVO', 'CREATED_AT', 'UPDATED_AT']
2026-03-27 14:35:18,970 - INFO - [PACIENTES] Criterio 'NULO_EN_EMAIL': 10000 registros marcados como sucios.
2026-03-27 14:35:18,997 - INFO - [PACIENTES] Criterio 'SEXO_INVALIDO': 2140 registros marcados como sucios.
2026-03-27 14:35:19,074 - INFO - [PACIENTES] Criterio 'EMAIL_INVALIDO': 10000 registros marcados como sucios.
2026-03-27 14:35:19,252 - INFO - [PACIENTES] Resultado → CLEAN: 87860 | DIRTY: 12140 | TOTAL: 100000
2026-03-27 14:35:52,364 - INFO - [PACIENTES] CLEAN guardado: PACIENTES_CLEAN.xlsx  (87860 registros)
2026-03-27 14:35:57,123 - INFO - [PACIENTES] DIRTY guardado: PACIENTES_DIRTY.xlsx  (12140 registros)
2026-03-27 14:35:57,162 - INFO - [PACIENTES] COMPARATIVO guardado: PACIENTES_COMPARATIVO.xlsx
2026-03-27 14:35:57,163 - INFO - Tabla PACIENTES terminada. Limpios: 87860 | Sucios: 12140
2026-03-27 14:35:57,163 - INFO - --- PROCESANDO: INTERNACIONES ---
2026-03-27 14:35:57,422 - INFO - [INTERNACIONES] Extraídos 20000 de 20000 registros...
2026-03-27 14:35:57,455 - INFO - [INTERNACIONES] Columnas recibidas: ['INTERNACION_ID', 'PACIENTE_ID', 'MEDICO_ID', 'FECHA_INGRESO', 'FECHA_EGRESO', 'MOTIVO_INGRESO', 'DIAGNOSTICO_INGRESO', 'DIAGNOSTICO_EGRESO', 'HABITACION', 'TIPO_HABITACION', 'ESTADO', 'OBSERVACIONES', 'CREATED_AT']
2026-03-27 14:35:57,520 - INFO - [INTERNACIONES] Criterio 'RANGO_TEMPORAL_FECHA_INGRESO': 19123 registros marcados como sucios.
2026-03-27 14:35:57,522 - INFO - [INTERNACIONES] Rango 'FECHA_INGRESO': 2021-03-25 → 2026-03-19 | Fuera de rango: 19123
2026-03-27 14:35:57,530 - WARNING - [INTERNACIONES] Columnas 100% nulas (excluidas de CLEAN): ['OBSERVACIONES']
2026-03-27 14:35:57,547 - INFO - [INTERNACIONES] Resultado → CLEAN: 877 | DIRTY: 19123 | TOTAL: 20000
2026-03-27 14:35:57,880 - INFO - [INTERNACIONES] CLEAN guardado: INTERNACIONES_CLEAN.xlsx  (877 registros)
2026-03-27 14:36:01,198 - INFO - PIPELINE FINALIZADO.
