2026-03-27 16:25:04,970 - INFO - Log de auditoria iniciado: Log_20260327_162504.log
2026-03-27 16:25:04,970 - INFO - INICIANDO PIPELINE DE AUDITORIA
2026-03-27 16:25:05,127 - INFO - --- PROCESANDO TABLA: MUNICIPIOS ---
2026-03-27 16:25:05,497 - INFO - [MUNICIPIOS] Extraidos 15 de 15 registros...
2026-03-27 16:25:05,497 - INFO - [MUNICIPIOS] Columnas recibidas: ['MUNICIPIO_ID', 'NOMBRE', 'DEPARTAMENTO', 'CODIGO_DANE', 'ACTIVO']
2026-03-27 16:25:05,514 - INFO - [MUNICIPIOS] Resultado → CLEAN: 15 | DIRTY: 0 | TOTAL: 15
2026-03-27 16:25:06,014 - INFO - [MUNICIPIOS] CLEAN guardado: MUNICIPIOS_CLEAN.xlsx  (15 registros)
2026-03-27 16:25:06,054 - INFO - [MUNICIPIOS] DIRTY guardado: MUNICIPIOS_DIRTY.xlsx  (0 registros)
2026-03-27 16:25:06,128 - INFO - [MUNICIPIOS] SUMMARY guardado: MUNICIPIOS_SUMMARY.xlsx
2026-03-27 16:25:06,129 - INFO - Tabla MUNICIPIOS finalizada. Limpios: 15 | Sucios: 0
2026-03-27 16:25:06,129 - INFO - --- PROCESANDO TABLA: ESPECIALIDADES ---
2026-03-27 16:25:06,162 - INFO - [ESPECIALIDADES] Extraidos 15 de 15 registros...
2026-03-27 16:25:06,163 - INFO - [ESPECIALIDADES] Columnas recibidas: ['ESPECIALIDAD_ID', 'NOMBRE', 'CODIGO_RIPS', 'DESCRIPCION', 'ACTIVO']
2026-03-27 16:25:06,171 - INFO - [ESPECIALIDADES] Resultado → CLEAN: 15 | DIRTY: 0 | TOTAL: 15
2026-03-27 16:25:06,205 - INFO - [ESPECIALIDADES] CLEAN guardado: ESPECIALIDADES_CLEAN.xlsx  (15 registros)
2026-03-27 16:25:06,248 - INFO - [ESPECIALIDADES] DIRTY guardado: ESPECIALIDADES_DIRTY.xlsx  (0 registros)
2026-03-27 16:25:06,330 - INFO - [ESPECIALIDADES] SUMMARY guardado: ESPECIALIDADES_SUMMARY.xlsx
2026-03-27 16:25:06,330 - INFO - Tabla ESPECIALIDADES finalizada. Limpios: 15 | Sucios: 0
2026-03-27 16:25:06,330 - INFO - --- PROCESANDO TABLA: MEDICOS ---
2026-03-27 16:25:06,355 - INFO - [MEDICOS] Extraidos 200 de 200 registros...
2026-03-27 16:25:06,356 - INFO - [MEDICOS] Columnas recibidas: ['MEDICO_ID', 'DOCUMENTO', 'TIPO_DOCUMENTO', 'NOMBRES', 'APELLIDOS', 'ESPECIALIDAD_ID', 'REGISTRO_MEDICO', 'FECHA_NACIMIENTO', 'EMAIL', 'TELEFONO', 'MUNICIPIO_ID', 'FECHA_INGRESO', 'ACTIVO', 'CREATED_AT', 'UPDATED_AT']
2026-03-27 16:25:06,364 - INFO - [MEDICOS] Regla 'NULL_IN_EMAIL': 11 registro(s) marcados como DIRTY.
2026-03-27 16:25:06,372 - INFO - [MEDICOS] Regla 'INVALID_EMAIL': 26 registro(s) marcados como DIRTY.
2026-03-27 16:25:06,377 - INFO - [MEDICOS] Resultado → CLEAN: 174 | DIRTY: 26 | TOTAL: 200
2026-03-27 16:25:06,512 - INFO - [MEDICOS] CLEAN guardado: MEDICOS_CLEAN.xlsx  (174 registros)
2026-03-27 16:25:06,584 - INFO - [MEDICOS] DIRTY guardado: MEDICOS_DIRTY.xlsx  (26 registros)
2026-03-27 16:25:06,663 - INFO - [MEDICOS] SUMMARY guardado: MEDICOS_SUMMARY.xlsx
2026-03-27 16:25:06,663 - INFO - Tabla MEDICOS finalizada. Limpios: 174 | Sucios: 26
2026-03-27 16:25:06,664 - INFO - --- PROCESANDO TABLA: PACIENTES ---
2026-03-27 16:25:07,816 - INFO - [PACIENTES] Extraidos 50000 de 100000 registros...
2026-03-27 16:25:08,748 - INFO - [PACIENTES] Extraidos 100000 de 100000 registros...
2026-03-27 16:25:08,851 - INFO - [PACIENTES] Columnas recibidas: ['PACIENTE_ID', 'DOCUMENTO', 'TIPO_DOCUMENTO', 'NOMBRES', 'APELLIDOS', 'FECHA_NACIMIENTO', 'SEXO', 'GRUPO_SANGUINEO', 'EMAIL', 'TELEFONO', 'DIRECCION', 'MUNICIPIO_ID', 'EPS', 'REGIMEN', 'ACTIVO', 'CREATED_AT', 'UPDATED_AT']
2026-03-27 16:25:08,955 - INFO - [PACIENTES] Regla 'NULL_IN_EMAIL': 10000 registro(s) marcados como DIRTY.
2026-03-27 16:25:08,967 - INFO - [PACIENTES] Regla 'INVALID_GENDER': 2140 registro(s) marcados como DIRTY.
2026-03-27 16:25:09,056 - INFO - [PACIENTES] Regla 'INVALID_EMAIL': 10000 registro(s) marcados como DIRTY.
2026-03-27 16:25:09,161 - INFO - [PACIENTES] Resultado → CLEAN: 87860 | DIRTY: 12140 | TOTAL: 100000
2026-03-27 16:25:51,583 - INFO - [PACIENTES] CLEAN guardado: PACIENTES_CLEAN.xlsx  (87860 registros)
2026-03-27 16:25:58,285 - INFO - [PACIENTES] DIRTY guardado: PACIENTES_DIRTY.xlsx  (12140 registros)
2026-03-27 16:25:58,364 - INFO - [PACIENTES] SUMMARY guardado: PACIENTES_SUMMARY.xlsx
2026-03-27 16:25:58,365 - INFO - Tabla PACIENTES finalizada. Limpios: 87860 | Sucios: 12140
2026-03-27 16:25:58,366 - INFO - --- PROCESANDO TABLA: INTERNACIONES ---
2026-03-27 16:25:58,864 - INFO - [INTERNACIONES] Extraidos 20000 de 20000 registros...
2026-03-27 16:25:58,899 - INFO - [INTERNACIONES] Columnas recibidas: ['INTERNACION_ID', 'PACIENTE_ID', 'MEDICO_ID', 'FECHA_INGRESO', 'FECHA_EGRESO', 'MOTIVO_INGRESO', 'DIAGNOSTICO_INGRESO', 'DIAGNOSTICO_EGRESO', 'HABITACION', 'TIPO_HABITACION', 'ESTADO', 'OBSERVACIONES', 'CREATED_AT']
2026-03-27 16:25:58,913 - WARNING - [INTERNACIONES] Columnas 100% nulas (excluidas de CLEAN y de validaciones): ['OBSERVACIONES']
2026-03-27 16:25:58,952 - INFO - [INTERNACIONES] Regla 'OUT_OF_RANGE_FECHA_INGRESO': 19123 registro(s) marcados como DIRTY.
2026-03-27 16:25:58,954 - INFO - [INTERNACIONES] Rango temporal 'FECHA_INGRESO': 2021-03-25 → 2026-03-19 | Fuera de rango: 19123
2026-03-27 16:25:58,973 - INFO - [INTERNACIONES] Resultado → CLEAN: 877 | DIRTY: 19123 | TOTAL: 20000
2026-03-27 16:25:59,439 - INFO - [INTERNACIONES] CLEAN guardado: INTERNACIONES_CLEAN.xlsx  (877 registros)
2026-03-27 16:26:07,705 - INFO - [INTERNACIONES] DIRTY guardado: INTERNACIONES_DIRTY.xlsx  (19123 registros)
2026-03-27 16:26:07,783 - INFO - [INTERNACIONES] SUMMARY guardado: INTERNACIONES_SUMMARY.xlsx
2026-03-27 16:26:07,784 - INFO - Tabla INTERNACIONES finalizada. Limpios: 877 | Sucios: 19123
2026-03-27 16:26:07,784 - INFO - --- PROCESANDO TABLA: CITAS_MEDICAS ---
2026-03-27 16:26:08,733 - INFO - [CITAS_MEDICAS] Extraidos 50000 de 150000 registros...
2026-03-27 16:26:09,666 - INFO - [CITAS_MEDICAS] Extraidos 100000 de 150000 registros...
2026-03-27 16:26:10,532 - INFO - [CITAS_MEDICAS] Extraidos 150000 de 150000 registros...
2026-03-27 16:26:10,614 - INFO - [CITAS_MEDICAS] Columnas recibidas: ['CITA_ID', 'PACIENTE_ID', 'MEDICO_ID', 'ESPECIALIDAD_ID', 'FECHA_CITA', 'HORA_CITA', 'DURACION_MIN', 'ESTADO', 'TIPO_CITA', 'MOTIVO_CONSULTA', 'OBSERVACIONES', 'INTERNACION_ID', 'CREATED_AT']
2026-03-27 16:26:10,654 - WARNING - [CITAS_MEDICAS] Columnas 100% nulas (excluidas de CLEAN y de validaciones): ['OBSERVACIONES', 'INTERNACION_ID']
2026-03-27 16:26:10,769 - INFO - [CITAS_MEDICAS] Regla 'INVALID_TIME': 10000 registro(s) marcados como DIRTY.
2026-03-27 16:26:10,820 - INFO - [CITAS_MEDICAS] Regla 'OUT_OF_RANGE_FECHA_CITA': 143268 registro(s) marcados como DIRTY.
2026-03-27 16:26:10,823 - INFO - [CITAS_MEDICAS] Rango temporal 'FECHA_CITA': 2021-03-25 → 2026-03-23 | Fuera de rango: 143268
2026-03-27 16:26:10,894 - INFO - [CITAS_MEDICAS] Resultado → CLEAN: 6291 | DIRTY: 143709 | TOTAL: 150000
2026-03-27 16:26:12,656 - INFO - [CITAS_MEDICAS] CLEAN guardado: CITAS_MEDICAS_CLEAN.xlsx  (6291 registros)
2026-03-27 16:26:32,143 - INFO - PIPELINE FINALIZADO.
