2026-03-27 14:13:23,988 - INFO - Log de auditoría iniciado: Log_20260327_141323.log
2026-03-27 14:13:23,988 - INFO - !!! INICIANDO PIPELINE DE AUDITORÍA CRUDA !!!
2026-03-27 14:13:24,132 - INFO - --- PROCESANDO: MUNICIPIOS ---
2026-03-27 14:13:24,367 - INFO - [MUNICIPIOS] Extraídos 15 de 15 registros...
2026-03-27 14:13:24,793 - INFO - Tabla MUNICIPIOS terminada. Sucios: 0. Columnas nulas removidas en Clean.
2026-03-27 14:13:24,793 - INFO - --- PROCESANDO: ESPECIALIDADES ---
2026-03-27 14:13:24,798 - INFO - [ESPECIALIDADES] Extraídos 15 de 15 registros...
2026-03-27 14:13:24,862 - INFO - Tabla ESPECIALIDADES terminada. Sucios: 0. Columnas nulas removidas en Clean.
2026-03-27 14:13:24,863 - INFO - --- PROCESANDO: MEDICOS ---
2026-03-27 14:13:24,879 - INFO - [MEDICOS] Extraídos 200 de 200 registros...
2026-03-27 14:13:25,114 - INFO - Tabla MEDICOS terminada. Sucios: 0. Columnas nulas removidas en Clean.
2026-03-27 14:13:25,115 - INFO - --- PROCESANDO: PACIENTES ---
2026-03-27 14:13:25,777 - INFO - [PACIENTES] Extraídos 50000 de 100000 registros...
2026-03-27 14:13:26,382 - INFO - [PACIENTES] Extraídos 100000 de 100000 registros...
2026-03-27 14:14:02,412 - INFO - Tabla PACIENTES terminada. Sucios: 0. Columnas nulas removidas en Clean.
2026-03-27 14:14:02,412 - INFO - --- PROCESANDO: INTERNACIONES ---
2026-03-27 14:14:02,707 - INFO - [INTERNACIONES] Extraídos 20000 de 20000 registros...
2026-03-27 14:14:10,146 - INFO - Tabla INTERNACIONES terminada. Sucios: 0. Columnas nulas removidas en Clean.
2026-03-27 14:14:10,146 - INFO - --- PROCESANDO: CITAS_MEDICAS ---
2026-03-27 14:14:10,700 - INFO - [CITAS_MEDICAS] Extraídos 50000 de 150000 registros...
2026-03-27 14:14:11,252 - INFO - [CITAS_MEDICAS] Extraídos 100000 de 150000 registros...
2026-03-27 14:14:11,835 - INFO - [CITAS_MEDICAS] Extraídos 150000 de 150000 registros...
2026-03-27 14:14:49,256 - INFO - Tabla CITAS_MEDICAS terminada. Sucios: 0. Columnas nulas removidas en Clean.
2026-03-27 14:14:49,256 - INFO - --- PROCESANDO: EXAMENES_MEDICOS ---
2026-03-27 14:14:49,729 - INFO - [EXAMENES_MEDICOS] Extraídos 49218 de 49218 registros...
2026-03-27 14:15:02,252 - INFO - Tabla EXAMENES_MEDICOS terminada. Sucios: 0. Columnas nulas removidas en Clean.
2026-03-27 14:15:02,252 - INFO - --- PROCESANDO: RESULTADOS_EXAMENES ---
2026-03-27 14:15:02,823 - INFO - [RESULTADOS_EXAMENES] Extraídos 49218 de 49218 registros...
2026-03-27 14:15:12,912 - INFO - Tabla RESULTADOS_EXAMENES terminada. Sucios: 0. Columnas nulas removidas en Clean.
2026-03-27 14:15:12,912 - INFO - --- PROCESANDO: MEDICAMENTOS_RECETADOS ---
2026-03-27 14:15:13,437 - INFO - [MEDICAMENTOS_RECETADOS] Extraídos 50000 de 57441 registros...
2026-03-27 14:15:13,560 - INFO - [MEDICAMENTOS_RECETADOS] Extraídos 57441 de 57441 registros...
2026-03-27 14:15:30,002 - INFO - Tabla MEDICAMENTOS_RECETADOS terminada. Sucios: 0. Columnas nulas removidas en Clean.
2026-03-27 14:15:30,003 - INFO - --- PROCESANDO: FACTURACION ---
2026-03-27 14:15:30,531 - INFO - [FACTURACION] Extraídos 50000 de 123085 registros...
2026-03-27 14:15:31,117 - INFO - [FACTURACION] Extraídos 100000 de 123085 registros...
2026-03-27 14:15:31,530 - INFO - [FACTURACION] Extraídos 123085 de 123085 registros...
2026-03-27 14:15:59,244 - INFO - Tabla FACTURACION terminada. Sucios: 0. Columnas nulas removidas en Clean.
2026-03-27 14:15:59,246 - INFO - PIPELINE FINALIZADO.
