2026-03-27 14:36:12,450 - INFO - Log de auditoría iniciado: Log_20260327_143612.log
2026-03-27 14:36:12,450 - INFO - !!! INICIANDO PIPELINE DE AUDITORÍA CRUDA !!!
2026-03-27 14:36:12,604 - INFO - --- PROCESANDO: MUNICIPIOS ---
2026-03-27 14:36:12,837 - INFO - [MUNICIPIOS] Extraídos 15 de 15 registros...
2026-03-27 14:36:12,838 - INFO - [MUNICIPIOS] Columnas recibidas: ['MUNICIPIO_ID', 'NOMBRE', 'DEPARTAMENTO', 'CODIGO_DANE', 'ACTIVO']
2026-03-27 14:36:12,843 - INFO - [MUNICIPIOS] Resultado → CLEAN: 15 | DIRTY: 0 | TOTAL: 15
2026-03-27 14:36:13,144 - INFO - [MUNICIPIOS] CLEAN guardado: MUNICIPIOS_CLEAN.xlsx  (15 registros)
2026-03-27 14:36:13,161 - INFO - [MUNICIPIOS] DIRTY guardado: MUNICIPIOS_DIRTY.xlsx  (0 registros)
2026-03-27 14:36:13,184 - INFO - [MUNICIPIOS] COMPARATIVO guardado: MUNICIPIOS_COMPARATIVO.xlsx
2026-03-27 14:36:13,185 - INFO - Tabla MUNICIPIOS terminada. Limpios: 15 | Sucios: 0
2026-03-27 14:36:13,185 - INFO - --- PROCESANDO: ESPECIALIDADES ---
2026-03-27 14:36:13,196 - INFO - [ESPECIALIDADES] Extraídos 15 de 15 registros...
2026-03-27 14:36:13,197 - INFO - [ESPECIALIDADES] Columnas recibidas: ['ESPECIALIDAD_ID', 'NOMBRE', 'CODIGO_RIPS', 'DESCRIPCION', 'ACTIVO']
2026-03-27 14:36:13,204 - INFO - [ESPECIALIDADES] Resultado → CLEAN: 15 | DIRTY: 0 | TOTAL: 15
2026-03-27 14:36:13,225 - INFO - [ESPECIALIDADES] CLEAN guardado: ESPECIALIDADES_CLEAN.xlsx  (15 registros)
2026-03-27 14:36:13,251 - INFO - [ESPECIALIDADES] DIRTY guardado: ESPECIALIDADES_DIRTY.xlsx  (0 registros)
2026-03-27 14:36:13,281 - INFO - [ESPECIALIDADES] COMPARATIVO guardado: ESPECIALIDADES_COMPARATIVO.xlsx
2026-03-27 14:36:13,282 - INFO - Tabla ESPECIALIDADES terminada. Limpios: 15 | Sucios: 0
2026-03-27 14:36:13,283 - INFO - --- PROCESANDO: MEDICOS ---
2026-03-27 14:36:13,305 - INFO - [MEDICOS] Extraídos 200 de 200 registros...
2026-03-27 14:36:13,307 - INFO - [MEDICOS] Columnas recibidas: ['MEDICO_ID', 'DOCUMENTO', 'TIPO_DOCUMENTO', 'NOMBRES', 'APELLIDOS', 'ESPECIALIDAD_ID', 'REGISTRO_MEDICO', 'FECHA_NACIMIENTO', 'EMAIL', 'TELEFONO', 'MUNICIPIO_ID', 'FECHA_INGRESO', 'ACTIVO', 'CREATED_AT', 'UPDATED_AT']
2026-03-27 14:36:13,312 - INFO - [MEDICOS] Criterio 'NULO_EN_EMAIL': 11 registros marcados como sucios.
2026-03-27 14:36:13,323 - INFO - [MEDICOS] Criterio 'EMAIL_INVALIDO': 26 registros marcados como sucios.
2026-03-27 14:36:13,328 - INFO - [MEDICOS] Resultado → CLEAN: 174 | DIRTY: 26 | TOTAL: 200
2026-03-27 14:36:13,433 - INFO - [MEDICOS] CLEAN guardado: MEDICOS_CLEAN.xlsx  (174 registros)
2026-03-27 14:36:13,487 - INFO - [MEDICOS] DIRTY guardado: MEDICOS_DIRTY.xlsx  (26 registros)
2026-03-27 14:36:13,516 - INFO - [MEDICOS] COMPARATIVO guardado: MEDICOS_COMPARATIVO.xlsx
2026-03-27 14:36:13,516 - INFO - Tabla MEDICOS terminada. Limpios: 174 | Sucios: 26
2026-03-27 14:36:13,517 - INFO - --- PROCESANDO: PACIENTES ---
2026-03-27 14:36:14,189 - INFO - [PACIENTES] Extraídos 50000 de 100000 registros...
2026-03-27 14:36:14,798 - INFO - [PACIENTES] Extraídos 100000 de 100000 registros...
2026-03-27 14:36:14,904 - INFO - [PACIENTES] Columnas recibidas: ['PACIENTE_ID', 'DOCUMENTO', 'TIPO_DOCUMENTO', 'NOMBRES', 'APELLIDOS', 'FECHA_NACIMIENTO', 'SEXO', 'GRUPO_SANGUINEO', 'EMAIL', 'TELEFONO', 'DIRECCION', 'MUNICIPIO_ID', 'EPS', 'REGIMEN', 'ACTIVO', 'CREATED_AT', 'UPDATED_AT']
2026-03-27 14:36:14,935 - INFO - [PACIENTES] Criterio 'NULO_EN_EMAIL': 10000 registros marcados como sucios.
2026-03-27 14:36:14,952 - INFO - [PACIENTES] Criterio 'SEXO_INVALIDO': 2140 registros marcados como sucios.
2026-03-27 14:36:15,023 - INFO - [PACIENTES] Criterio 'EMAIL_INVALIDO': 10000 registros marcados como sucios.
2026-03-27 14:36:15,180 - INFO - [PACIENTES] Resultado → CLEAN: 87860 | DIRTY: 12140 | TOTAL: 100000
2026-03-27 14:36:44,477 - INFO - [PACIENTES] CLEAN guardado: PACIENTES_CLEAN.xlsx  (87860 registros)
2026-03-27 14:36:48,149 - INFO - [PACIENTES] DIRTY guardado: PACIENTES_DIRTY.xlsx  (12140 registros)
2026-03-27 14:36:48,168 - INFO - [PACIENTES] COMPARATIVO guardado: PACIENTES_COMPARATIVO.xlsx
2026-03-27 14:36:48,168 - INFO - Tabla PACIENTES terminada. Limpios: 87860 | Sucios: 12140
2026-03-27 14:36:48,168 - INFO - --- PROCESANDO: INTERNACIONES ---
2026-03-27 14:36:48,402 - INFO - [INTERNACIONES] Extraídos 20000 de 20000 registros...
2026-03-27 14:36:48,441 - INFO - [INTERNACIONES] Columnas recibidas: ['INTERNACION_ID', 'PACIENTE_ID', 'MEDICO_ID', 'FECHA_INGRESO', 'FECHA_EGRESO', 'MOTIVO_INGRESO', 'DIAGNOSTICO_INGRESO', 'DIAGNOSTICO_EGRESO', 'HABITACION', 'TIPO_HABITACION', 'ESTADO', 'OBSERVACIONES', 'CREATED_AT']
2026-03-27 14:36:48,475 - INFO - [INTERNACIONES] Criterio 'RANGO_TEMPORAL_FECHA_INGRESO': 19123 registros marcados como sucios.
2026-03-27 14:36:48,477 - INFO - [INTERNACIONES] Rango 'FECHA_INGRESO': 2021-03-25 → 2026-03-19 | Fuera de rango: 19123
2026-03-27 14:36:48,487 - WARNING - [INTERNACIONES] Columnas 100% nulas (excluidas de CLEAN): ['OBSERVACIONES']
2026-03-27 14:36:48,494 - INFO - [INTERNACIONES] Resultado → CLEAN: 877 | DIRTY: 19123 | TOTAL: 20000
2026-03-27 14:36:48,784 - INFO - [INTERNACIONES] CLEAN guardado: INTERNACIONES_CLEAN.xlsx  (877 registros)
2026-03-27 14:36:56,517 - INFO - [INTERNACIONES] DIRTY guardado: INTERNACIONES_DIRTY.xlsx  (19123 registros)
2026-03-27 14:36:56,559 - INFO - [INTERNACIONES] COMPARATIVO guardado: INTERNACIONES_COMPARATIVO.xlsx
2026-03-27 14:36:56,560 - INFO - Tabla INTERNACIONES terminada. Limpios: 877 | Sucios: 19123
2026-03-27 14:36:56,561 - INFO - --- PROCESANDO: CITAS_MEDICAS ---
2026-03-27 14:36:57,046 - INFO - [CITAS_MEDICAS] Extraídos 50000 de 150000 registros...
2026-03-27 14:36:57,496 - INFO - [CITAS_MEDICAS] Extraídos 100000 de 150000 registros...
2026-03-27 14:36:57,906 - INFO - [CITAS_MEDICAS] Extraídos 150000 de 150000 registros...
2026-03-27 14:36:57,968 - INFO - [CITAS_MEDICAS] Columnas recibidas: ['CITA_ID', 'PACIENTE_ID', 'MEDICO_ID', 'ESPECIALIDAD_ID', 'FECHA_CITA', 'HORA_CITA', 'DURACION_MIN', 'ESTADO', 'TIPO_CITA', 'MOTIVO_CONSULTA', 'OBSERVACIONES', 'INTERNACION_ID', 'CREATED_AT']
2026-03-27 14:36:58,030 - INFO - [CITAS_MEDICAS] Criterio 'NULO_EN_INTERNACION_ID': 150000 registros marcados como sucios.
2026-03-27 14:36:58,127 - INFO - [CITAS_MEDICAS] Criterio 'HORA_INVALIDA': 10000 registros marcados como sucios.
2026-03-27 14:36:58,196 - INFO - [CITAS_MEDICAS] Criterio 'RANGO_TEMPORAL_FECHA_CITA': 143268 registros marcados como sucios.
2026-03-27 14:36:58,198 - INFO - [CITAS_MEDICAS] Rango 'FECHA_CITA': 2021-03-25 → 2026-03-23 | Fuera de rango: 143268
2026-03-27 14:36:58,244 - WARNING - [CITAS_MEDICAS] Columnas 100% nulas (excluidas de CLEAN): ['OBSERVACIONES', 'INTERNACION_ID']
2026-03-27 14:36:58,267 - INFO - [CITAS_MEDICAS] Resultado → CLEAN: 0 | DIRTY: 150000 | TOTAL: 150000
2026-03-27 14:36:58,407 - INFO - [CITAS_MEDICAS] CLEAN guardado: CITAS_MEDICAS_CLEAN.xlsx  (0 registros)
2026-03-27 14:37:36,388 - INFO - [CITAS_MEDICAS] DIRTY guardado: CITAS_MEDICAS_DIRTY.xlsx  (150000 registros)
2026-03-27 14:37:36,433 - INFO - [CITAS_MEDICAS] COMPARATIVO guardado: CITAS_MEDICAS_COMPARATIVO.xlsx
2026-03-27 14:37:36,433 - INFO - Tabla CITAS_MEDICAS terminada. Limpios: 0 | Sucios: 150000
2026-03-27 14:37:36,434 - INFO - --- PROCESANDO: EXAMENES_MEDICOS ---
2026-03-27 14:37:37,037 - INFO - [EXAMENES_MEDICOS] Extraídos 49218 de 49218 registros...
2026-03-27 14:37:37,059 - INFO - [EXAMENES_MEDICOS] Columnas recibidas: ['EXAMEN_ID', 'CITA_ID', 'PACIENTE_ID', 'MEDICO_SOLICITANTE', 'TIPO_EXAMEN', 'DESCRIPCION', 'FECHA_SOLICITUD', 'FECHA_RESULTADO', 'ESTADO', 'PRIORIDAD', 'COSTO', 'CREATED_AT']
2026-03-27 14:37:37,086 - WARNING - [EXAMENES_MEDICOS] Columnas 100% nulas (excluidas de CLEAN): ['DESCRIPCION']
2026-03-27 14:37:37,092 - INFO - [EXAMENES_MEDICOS] Resultado → CLEAN: 49218 | DIRTY: 0 | TOTAL: 49218
2026-03-27 14:37:50,141 - INFO - [EXAMENES_MEDICOS] CLEAN guardado: EXAMENES_MEDICOS_CLEAN.xlsx  (49218 registros)
2026-03-27 14:37:50,150 - INFO - [EXAMENES_MEDICOS] DIRTY guardado: EXAMENES_MEDICOS_DIRTY.xlsx  (0 registros)
2026-03-27 14:37:50,191 - INFO - [EXAMENES_MEDICOS] COMPARATIVO guardado: EXAMENES_MEDICOS_COMPARATIVO.xlsx
2026-03-27 14:37:50,192 - INFO - Tabla EXAMENES_MEDICOS terminada. Limpios: 49218 | Sucios: 0
2026-03-27 14:37:50,193 - INFO - --- PROCESANDO: RESULTADOS_EXAMENES ---
2026-03-27 14:37:50,707 - INFO - [RESULTADOS_EXAMENES] Extraídos 49218 de 49218 registros...
2026-03-27 14:37:50,716 - INFO - [RESULTADOS_EXAMENES] Columnas recibidas: ['RESULTADO_ID', 'EXAMEN_ID', 'DESCRIPCION', 'VALOR_RESULTADO', 'UNIDAD_MEDIDA', 'VALOR_REFERENCIA', 'INTERPRETACION', 'MEDICO_REVISOR', 'FECHA_REPORTE', 'CREATED_AT']
2026-03-27 14:37:50,741 - WARNING - [RESULTADOS_EXAMENES] Columnas 100% nulas (excluidas de CLEAN): ['INTERPRETACION', 'MEDICO_REVISOR']
2026-03-27 14:37:50,748 - INFO - [RESULTADOS_EXAMENES] Resultado → CLEAN: 49218 | DIRTY: 0 | TOTAL: 49218
2026-03-27 14:38:00,219 - INFO - [RESULTADOS_EXAMENES] CLEAN guardado: RESULTADOS_EXAMENES_CLEAN.xlsx  (49218 registros)
2026-03-27 14:38:00,228 - INFO - [RESULTADOS_EXAMENES] DIRTY guardado: RESULTADOS_EXAMENES_DIRTY.xlsx  (0 registros)
2026-03-27 14:38:00,259 - INFO - [RESULTADOS_EXAMENES] COMPARATIVO guardado: RESULTADOS_EXAMENES_COMPARATIVO.xlsx
2026-03-27 14:38:00,260 - INFO - Tabla RESULTADOS_EXAMENES terminada. Limpios: 49218 | Sucios: 0
2026-03-27 14:38:00,260 - INFO - --- PROCESANDO: MEDICAMENTOS_RECETADOS ---
2026-03-27 14:38:00,813 - INFO - [MEDICAMENTOS_RECETADOS] Extraídos 50000 de 57441 registros...
2026-03-27 14:38:00,993 - INFO - [MEDICAMENTOS_RECETADOS] Extraídos 57441 de 57441 registros...
2026-03-27 14:38:01,049 - INFO - [MEDICAMENTOS_RECETADOS] Columnas recibidas: ['RECETA_ID', 'CITA_ID', 'PACIENTE_ID', 'MEDICO_ID', 'NOMBRE_MEDICAMENTO', 'PRINCIPIO_ACTIVO', 'CONCENTRACION', 'FORMA_FARMACEUTICA', 'DOSIS', 'FRECUENCIA', 'DURACION_DIAS', 'CANTIDAD', 'FECHA_PRESCRIPCION', 'OBSERVACIONES', 'CREATED_AT']
2026-03-27 14:38:01,148 - INFO - [MEDICAMENTOS_RECETADOS] Criterio 'RANGO_TEMPORAL_FECHA_PRESCRIPCION': 55670 registros marcados como sucios.
2026-03-27 14:38:01,151 - INFO - [MEDICAMENTOS_RECETADOS] Rango 'FECHA_PRESCRIPCION': 2021-03-25 → 2026-02-23 | Fuera de rango: 55670
2026-03-27 14:38:01,182 - WARNING - [MEDICAMENTOS_RECETADOS] Columnas 100% nulas (excluidas de CLEAN): ['PRINCIPIO_ACTIVO', 'OBSERVACIONES']
2026-03-27 14:38:01,236 - INFO - [MEDICAMENTOS_RECETADOS] Resultado → CLEAN: 1771 | DIRTY: 55670 | TOTAL: 57441
2026-03-27 14:38:01,770 - INFO - [MEDICAMENTOS_RECETADOS] CLEAN guardado: MEDICAMENTOS_RECETADOS_CLEAN.xlsx  (1771 registros)
2026-03-27 14:38:17,517 - INFO - [MEDICAMENTOS_RECETADOS] DIRTY guardado: MEDICAMENTOS_RECETADOS_DIRTY.xlsx  (55670 registros)
2026-03-27 14:38:17,586 - INFO - [MEDICAMENTOS_RECETADOS] COMPARATIVO guardado: MEDICAMENTOS_RECETADOS_COMPARATIVO.xlsx
2026-03-27 14:38:17,586 - INFO - Tabla MEDICAMENTOS_RECETADOS terminada. Limpios: 1771 | Sucios: 55670
2026-03-27 14:38:17,587 - INFO - --- PROCESANDO: FACTURACION ---
2026-03-27 14:38:18,180 - INFO - [FACTURACION] Extraídos 50000 de 123085 registros...
2026-03-27 14:38:18,659 - INFO - [FACTURACION] Extraídos 100000 de 123085 registros...
2026-03-27 14:38:19,092 - INFO - [FACTURACION] Extraídos 123085 de 123085 registros...
2026-03-27 14:38:19,159 - INFO - [FACTURACION] Columnas recibidas: ['FACTURA_ID', 'PACIENTE_ID', 'CITA_ID', 'INTERNACION_ID', 'NUMERO_FACTURA', 'FECHA_FACTURA', 'SUBTOTAL', 'DESCUENTO', 'IVA', 'TOTAL', 'ESTADO', 'METODO_PAGO', 'EPS_FACTURADO', 'OBSERVACIONES', 'CREATED_AT']
2026-03-27 14:38:19,188 - INFO - [FACTURACION] Criterio 'NULO_EN_INTERNACION_ID': 123085 registros marcados como sucios.
2026-03-27 14:38:19,215 - WARNING - [FACTURACION] Columnas 100% nulas (excluidas de CLEAN): ['INTERNACION_ID', 'EPS_FACTURADO', 'OBSERVACIONES']
2026-03-27 14:38:19,228 - INFO - [FACTURACION] Resultado → CLEAN: 0 | DIRTY: 123085 | TOTAL: 123085
2026-03-27 14:38:19,315 - INFO - [FACTURACION] CLEAN guardado: FACTURACION_CLEAN.xlsx  (0 registros)
2026-03-27 14:38:53,066 - INFO - [FACTURACION] DIRTY guardado: FACTURACION_DIRTY.xlsx  (123085 registros)
2026-03-27 14:38:53,116 - INFO - [FACTURACION] COMPARATIVO guardado: FACTURACION_COMPARATIVO.xlsx
2026-03-27 14:38:53,116 - INFO - Tabla FACTURACION terminada. Limpios: 0 | Sucios: 123085
2026-03-27 14:38:53,120 - INFO - PIPELINE FINALIZADO.
