2026-03-27 14:27:18,906 - INFO - Log de auditoría iniciado: Log_20260327_142718.log
2026-03-27 14:27:18,906 - INFO - !!! INICIANDO PIPELINE DE AUDITORÍA CRUDA !!!
2026-03-27 14:27:19,034 - INFO - --- PROCESANDO: MUNICIPIOS ---
2026-03-27 14:27:19,271 - INFO - [MUNICIPIOS] Extraídos 15 de 15 registros...
2026-03-27 14:27:19,572 - INFO - [MUNICIPIOS] CLEAN guardado: MUNICIPIOS_CLEAN.xlsx  (15 registros)
2026-03-27 14:27:19,611 - INFO - [MUNICIPIOS] DIRTY guardado: MUNICIPIOS_DIRTY.xlsx  (0 registros)
2026-03-27 14:27:19,678 - INFO - [MUNICIPIOS] COMPARATIVO guardado: MUNICIPIOS_COMPARATIVO.xlsx
2026-03-27 14:27:19,680 - INFO - Tabla MUNICIPIOS terminada. Limpios: 15 | Sucios: 0
2026-03-27 14:27:19,681 - INFO - --- PROCESANDO: ESPECIALIDADES ---
2026-03-27 14:27:19,691 - INFO - [ESPECIALIDADES] Extraídos 15 de 15 registros...
2026-03-27 14:27:19,725 - INFO - [ESPECIALIDADES] CLEAN guardado: ESPECIALIDADES_CLEAN.xlsx  (15 registros)
2026-03-27 14:27:19,775 - INFO - [ESPECIALIDADES] DIRTY guardado: ESPECIALIDADES_DIRTY.xlsx  (0 registros)
2026-03-27 14:27:19,845 - INFO - [ESPECIALIDADES] COMPARATIVO guardado: ESPECIALIDADES_COMPARATIVO.xlsx
2026-03-27 14:27:19,845 - INFO - Tabla ESPECIALIDADES terminada. Limpios: 15 | Sucios: 0
2026-03-27 14:27:19,846 - INFO - --- PROCESANDO: MEDICOS ---
2026-03-27 14:27:19,864 - INFO - [MEDICOS] Extraídos 200 de 200 registros...
2026-03-27 14:27:19,982 - INFO - [MEDICOS] CLEAN guardado: MEDICOS_CLEAN.xlsx  (200 registros)
2026-03-27 14:27:20,017 - INFO - [MEDICOS] DIRTY guardado: MEDICOS_DIRTY.xlsx  (0 registros)
2026-03-27 14:27:20,144 - INFO - [MEDICOS] COMPARATIVO guardado: MEDICOS_COMPARATIVO.xlsx
2026-03-27 14:27:20,145 - INFO - Tabla MEDICOS terminada. Limpios: 200 | Sucios: 0
2026-03-27 14:27:20,145 - INFO - --- PROCESANDO: PACIENTES ---
2026-03-27 14:27:20,794 - INFO - [PACIENTES] Extraídos 50000 de 100000 registros...
2026-03-27 14:27:21,475 - INFO - [PACIENTES] Extraídos 100000 de 100000 registros...
2026-03-27 14:28:02,609 - INFO - [PACIENTES] CLEAN guardado: PACIENTES_CLEAN.xlsx  (100000 registros)
2026-03-27 14:28:02,648 - INFO - [PACIENTES] DIRTY guardado: PACIENTES_DIRTY.xlsx  (0 registros)
2026-03-27 14:28:02,741 - INFO - [PACIENTES] COMPARATIVO guardado: PACIENTES_COMPARATIVO.xlsx
2026-03-27 14:28:02,742 - INFO - Tabla PACIENTES terminada. Limpios: 100000 | Sucios: 0
2026-03-27 14:28:02,742 - INFO - --- PROCESANDO: INTERNACIONES ---
2026-03-27 14:28:02,979 - INFO - [INTERNACIONES] Extraídos 20000 de 20000 registros...
2026-03-27 14:28:03,033 - WARNING - [INTERNACIONES] Columnas 100% nulas (se excluyen de CLEAN): ['OBSERVACIONES']
2026-03-27 14:28:08,962 - INFO - [INTERNACIONES] CLEAN guardado: INTERNACIONES_CLEAN.xlsx  (20000 registros)
2026-03-27 14:28:08,995 - INFO - [INTERNACIONES] DIRTY guardado: INTERNACIONES_DIRTY.xlsx  (0 registros)
2026-03-27 14:28:09,065 - INFO - [INTERNACIONES] COMPARATIVO guardado: INTERNACIONES_COMPARATIVO.xlsx
2026-03-27 14:28:09,066 - INFO - Tabla INTERNACIONES terminada. Limpios: 20000 | Sucios: 0
2026-03-27 14:28:09,066 - INFO - --- PROCESANDO: CITAS_MEDICAS ---
2026-03-27 14:28:09,652 - INFO - [CITAS_MEDICAS] Extraídos 50000 de 150000 registros...
2026-03-27 14:28:10,333 - INFO - [CITAS_MEDICAS] Extraídos 100000 de 150000 registros...
2026-03-27 14:28:11,062 - INFO - [CITAS_MEDICAS] Extraídos 150000 de 150000 registros...
2026-03-27 14:28:11,183 - WARNING - [CITAS_MEDICAS] Columnas 100% nulas (se excluyen de CLEAN): ['OBSERVACIONES', 'INTERNACION_ID']
2026-03-27 14:29:08,419 - INFO - [CITAS_MEDICAS] CLEAN guardado: CITAS_MEDICAS_CLEAN.xlsx  (150000 registros)
2026-03-27 14:29:08,500 - INFO - [CITAS_MEDICAS] DIRTY guardado: CITAS_MEDICAS_DIRTY.xlsx  (0 registros)
2026-03-27 14:29:08,612 - INFO - [CITAS_MEDICAS] COMPARATIVO guardado: CITAS_MEDICAS_COMPARATIVO.xlsx
2026-03-27 14:29:08,613 - INFO - Tabla CITAS_MEDICAS terminada. Limpios: 150000 | Sucios: 0
2026-03-27 14:29:08,613 - INFO - --- PROCESANDO: EXAMENES_MEDICOS ---
2026-03-27 14:29:09,108 - INFO - [EXAMENES_MEDICOS] Extraídos 49218 de 49218 registros...
2026-03-27 14:29:09,139 - WARNING - [EXAMENES_MEDICOS] Columnas 100% nulas (se excluyen de CLEAN): ['DESCRIPCION']
2026-03-27 14:29:21,672 - INFO - [EXAMENES_MEDICOS] CLEAN guardado: EXAMENES_MEDICOS_CLEAN.xlsx  (49218 registros)
2026-03-27 14:29:21,709 - INFO - [EXAMENES_MEDICOS] DIRTY guardado: EXAMENES_MEDICOS_DIRTY.xlsx  (0 registros)
2026-03-27 14:29:21,782 - INFO - [EXAMENES_MEDICOS] COMPARATIVO guardado: EXAMENES_MEDICOS_COMPARATIVO.xlsx
2026-03-27 14:29:21,782 - INFO - Tabla EXAMENES_MEDICOS terminada. Limpios: 49218 | Sucios: 0
2026-03-27 14:29:21,783 - INFO - --- PROCESANDO: RESULTADOS_EXAMENES ---
2026-03-27 14:29:22,166 - INFO - [RESULTADOS_EXAMENES] Extraídos 49218 de 49218 registros...
2026-03-27 14:29:22,187 - WARNING - [RESULTADOS_EXAMENES] Columnas 100% nulas (se excluyen de CLEAN): ['INTERPRETACION', 'MEDICO_REVISOR']
2026-03-27 14:29:30,553 - INFO - [RESULTADOS_EXAMENES] CLEAN guardado: RESULTADOS_EXAMENES_CLEAN.xlsx  (49218 registros)
2026-03-27 14:29:30,590 - INFO - [RESULTADOS_EXAMENES] DIRTY guardado: RESULTADOS_EXAMENES_DIRTY.xlsx  (0 registros)
2026-03-27 14:29:30,660 - INFO - [RESULTADOS_EXAMENES] COMPARATIVO guardado: RESULTADOS_EXAMENES_COMPARATIVO.xlsx
2026-03-27 14:29:30,660 - INFO - Tabla RESULTADOS_EXAMENES terminada. Limpios: 49218 | Sucios: 0
2026-03-27 14:29:30,661 - INFO - --- PROCESANDO: MEDICAMENTOS_RECETADOS ---
2026-03-27 14:29:31,336 - INFO - [MEDICAMENTOS_RECETADOS] Extraídos 50000 de 57441 registros...
2026-03-27 14:29:31,454 - INFO - [MEDICAMENTOS_RECETADOS] Extraídos 57441 de 57441 registros...
2026-03-27 14:29:31,517 - WARNING - [MEDICAMENTOS_RECETADOS] Columnas 100% nulas (se excluyen de CLEAN): ['PRINCIPIO_ACTIVO', 'OBSERVACIONES']
2026-03-27 14:29:46,092 - INFO - [MEDICAMENTOS_RECETADOS] CLEAN guardado: MEDICAMENTOS_RECETADOS_CLEAN.xlsx  (57441 registros)
2026-03-27 14:29:46,170 - INFO - [MEDICAMENTOS_RECETADOS] DIRTY guardado: MEDICAMENTOS_RECETADOS_DIRTY.xlsx  (0 registros)
2026-03-27 14:29:46,273 - INFO - [MEDICAMENTOS_RECETADOS] COMPARATIVO guardado: MEDICAMENTOS_RECETADOS_COMPARATIVO.xlsx
2026-03-27 14:29:46,273 - INFO - Tabla MEDICAMENTOS_RECETADOS terminada. Limpios: 57441 | Sucios: 0
2026-03-27 14:29:46,273 - INFO - --- PROCESANDO: FACTURACION ---
2026-03-27 14:29:47,211 - INFO - [FACTURACION] Extraídos 50000 de 123085 registros...
2026-03-27 14:29:47,944 - INFO - [FACTURACION] Extraídos 100000 de 123085 registros...
2026-03-27 14:29:48,274 - INFO - [FACTURACION] Extraídos 123085 de 123085 registros...
2026-03-27 14:29:48,392 - WARNING - [FACTURACION] Columnas 100% nulas (se excluyen de CLEAN): ['INTERNACION_ID', 'EPS_FACTURADO', 'OBSERVACIONES']
2026-03-27 14:30:19,826 - INFO - [FACTURACION] CLEAN guardado: FACTURACION_CLEAN.xlsx  (123085 registros)
2026-03-27 14:30:19,859 - INFO - [FACTURACION] DIRTY guardado: FACTURACION_DIRTY.xlsx  (0 registros)
2026-03-27 14:30:19,942 - INFO - [FACTURACION] COMPARATIVO guardado: FACTURACION_COMPARATIVO.xlsx
2026-03-27 14:30:19,943 - INFO - Tabla FACTURACION terminada. Limpios: 123085 | Sucios: 0
2026-03-27 14:30:19,948 - INFO - PIPELINE FINALIZADO.
